<?xml version="1.0" encoding="UTF-8"?>
<testng-results ignored="0" total="40" passed="40" failed="0" skipped="0">
  <reporter-output>
  </reporter-output>
  <suite started-at="2023-10-09T14:02:28 CDT" name="Default suite" finished-at="2023-10-09T14:06:42 CDT" duration-ms="254001">
    <groups>
      <group name="cucumber">
        <method signature="AbstractTestNGCucumberTests.runScenario(io.cucumber.testng.PickleWrapper,io.cucumber.testng.FeatureWrapper)[pri:0, instance:runner.TestngTestRunner@4982cc36]" name="runScenario" class="io.cucumber.testng.AbstractTestNGCucumberTests"/>
      </group> <!-- cucumber -->
    </groups>
    <test started-at="2023-10-09T14:02:28 CDT" name="Default test" finished-at="2023-10-09T14:06:42 CDT" duration-ms="254001">
      <class name="runner.TestngTestRunner">
        <test-method is-config="true" signature="setUpClass(org.testng.ITestContext)[pri:0, instance:runner.TestngTestRunner@4982cc36]" started-at="2023-10-09T14:02:28 CDT" name="setUpClass" finished-at="2023-10-09T14:02:29 CDT" duration-ms="895" status="PASS">
          <params>
            <param index="0">
              <value>
                <![CDATA[org.testng.TestRunner@2c7178ed]]>
              </value>
            </param>
          </params>
          <reporter-output>
          </reporter-output>
        </test-method> <!-- setUpClass -->
        <test-method signature="runScenario(io.cucumber.testng.PickleWrapper,io.cucumber.testng.FeatureWrapper)[pri:0, instance:runner.TestngTestRunner@4982cc36]" started-at="2023-10-09T14:02:29 CDT" name="runScenario" description="Runs Cucumber Scenarios" data-provider="scenarios" finished-at="2023-10-09T14:02:35 CDT" duration-ms="5924" status="PASS">
          <params>
            <param index="0">
              <value>
                <![CDATA["User launch home page of dsalgo project"]]>
              </value>
            </param>
            <param index="1">
              <value>
                <![CDATA["User launch ds application and test Home Page"]]>
              </value>
            </param>
          </params>
          <reporter-output>
          </reporter-output>
        </test-method> <!-- runScenario -->
        <test-method signature="runScenario(io.cucumber.testng.PickleWrapper,io.cucumber.testng.FeatureWrapper)[pri:0, instance:runner.TestngTestRunner@4982cc36]" started-at="2023-10-09T14:02:35 CDT" name="runScenario" description="Runs Cucumber Scenarios" data-provider="scenarios" finished-at="2023-10-09T14:02:39 CDT" duration-ms="3995" status="PASS">
          <params>
            <param index="0">
              <value>
                <![CDATA["User clicks on Register link and provide required fields and click on Register button"]]>
              </value>
            </param>
            <param index="1">
              <value>
                <![CDATA["Registration page automation"]]>
              </value>
            </param>
          </params>
          <reporter-output>
          </reporter-output>
        </test-method> <!-- runScenario -->
        <test-method signature="runScenario(io.cucumber.testng.PickleWrapper,io.cucumber.testng.FeatureWrapper)[pri:0, instance:runner.TestngTestRunner@4982cc36]" started-at="2023-10-09T14:02:39 CDT" name="runScenario" description="Runs Cucumber Scenarios" data-provider="scenarios" finished-at="2023-10-09T14:02:43 CDT" duration-ms="4174" status="PASS">
          <params>
            <param index="0">
              <value>
                <![CDATA["User give valid username and password and logged into the application"]]>
              </value>
            </param>
            <param index="1">
              <value>
                <![CDATA["Implementing data driven for login functionality"]]>
              </value>
            </param>
          </params>
          <reporter-output>
          </reporter-output>
        </test-method> <!-- runScenario -->
        <test-method signature="runScenario(io.cucumber.testng.PickleWrapper,io.cucumber.testng.FeatureWrapper)[pri:0, instance:runner.TestngTestRunner@4982cc36]" started-at="2023-10-09T14:02:43 CDT" name="runScenario" description="Runs Cucumber Scenarios" data-provider="scenarios" finished-at="2023-10-09T14:02:47 CDT" duration-ms="3876" status="PASS">
          <params>
            <param index="0">
              <value>
                <![CDATA["User give valid username and password and logged into the application"]]>
              </value>
            </param>
            <param index="1">
              <value>
                <![CDATA["Implementing data driven for login functionality"]]>
              </value>
            </param>
          </params>
          <reporter-output>
          </reporter-output>
        </test-method> <!-- runScenario -->
        <test-method signature="runScenario(io.cucumber.testng.PickleWrapper,io.cucumber.testng.FeatureWrapper)[pri:0, instance:runner.TestngTestRunner@4982cc36]" started-at="2023-10-09T14:02:47 CDT" name="runScenario" description="Runs Cucumber Scenarios" data-provider="scenarios" finished-at="2023-10-09T14:02:51 CDT" duration-ms="3717" status="PASS">
          <params>
            <param index="0">
              <value>
                <![CDATA["User give valid username and password and logged into the application"]]>
              </value>
            </param>
            <param index="1">
              <value>
                <![CDATA["Implementing data driven for login functionality"]]>
              </value>
            </param>
          </params>
          <reporter-output>
          </reporter-output>
        </test-method> <!-- runScenario -->
        <test-method signature="runScenario(io.cucumber.testng.PickleWrapper,io.cucumber.testng.FeatureWrapper)[pri:0, instance:runner.TestngTestRunner@4982cc36]" started-at="2023-10-09T14:02:51 CDT" name="runScenario" description="Runs Cucumber Scenarios" data-provider="scenarios" finished-at="2023-10-09T14:02:58 CDT" duration-ms="6889" status="PASS">
          <params>
            <param index="0">
              <value>
                <![CDATA["Verifying DataStructure textbox editor with valid Python code"]]>
              </value>
            </param>
            <param index="1">
              <value>
                <![CDATA["Automating data structure introduction page"]]>
              </value>
            </param>
          </params>
          <reporter-output>
          </reporter-output>
        </test-method> <!-- runScenario -->
        <test-method signature="runScenario(io.cucumber.testng.PickleWrapper,io.cucumber.testng.FeatureWrapper)[pri:0, instance:runner.TestngTestRunner@4982cc36]" started-at="2023-10-09T14:02:58 CDT" name="runScenario" description="Runs Cucumber Scenarios" data-provider="scenarios" finished-at="2023-10-09T14:03:05 CDT" duration-ms="7658" status="PASS">
          <params>
            <param index="0">
              <value>
                <![CDATA["Checking the functionality of Arrays in Python link"]]>
              </value>
            </param>
            <param index="1">
              <value>
                <![CDATA["Verifying the Array functionalities"]]>
              </value>
            </param>
          </params>
          <reporter-output>
          </reporter-output>
        </test-method> <!-- runScenario -->
        <test-method signature="runScenario(io.cucumber.testng.PickleWrapper,io.cucumber.testng.FeatureWrapper)[pri:0, instance:runner.TestngTestRunner@4982cc36]" started-at="2023-10-09T14:03:05 CDT" name="runScenario" description="Runs Cucumber Scenarios" data-provider="scenarios" finished-at="2023-10-09T14:03:13 CDT" duration-ms="7627" status="PASS">
          <params>
            <param index="0">
              <value>
                <![CDATA["Checking the functionality of Array Using List"]]>
              </value>
            </param>
            <param index="1">
              <value>
                <![CDATA["Verifying the Array functionalities"]]>
              </value>
            </param>
          </params>
          <reporter-output>
          </reporter-output>
        </test-method> <!-- runScenario -->
        <test-method signature="runScenario(io.cucumber.testng.PickleWrapper,io.cucumber.testng.FeatureWrapper)[pri:0, instance:runner.TestngTestRunner@4982cc36]" started-at="2023-10-09T14:03:13 CDT" name="runScenario" description="Runs Cucumber Scenarios" data-provider="scenarios" finished-at="2023-10-09T14:03:21 CDT" duration-ms="7834" status="PASS">
          <params>
            <param index="0">
              <value>
                <![CDATA["Checking the functionality of Basic Operations in Lists"]]>
              </value>
            </param>
            <param index="1">
              <value>
                <![CDATA["Verifying the Array functionalities"]]>
              </value>
            </param>
          </params>
          <reporter-output>
          </reporter-output>
        </test-method> <!-- runScenario -->
        <test-method signature="runScenario(io.cucumber.testng.PickleWrapper,io.cucumber.testng.FeatureWrapper)[pri:0, instance:runner.TestngTestRunner@4982cc36]" started-at="2023-10-09T14:03:21 CDT" name="runScenario" description="Runs Cucumber Scenarios" data-provider="scenarios" finished-at="2023-10-09T14:03:29 CDT" duration-ms="7843" status="PASS">
          <params>
            <param index="0">
              <value>
                <![CDATA["Checking the functionality of Applications of Array"]]>
              </value>
            </param>
            <param index="1">
              <value>
                <![CDATA["Verifying the Array functionalities"]]>
              </value>
            </param>
          </params>
          <reporter-output>
          </reporter-output>
        </test-method> <!-- runScenario -->
        <test-method signature="runScenario(io.cucumber.testng.PickleWrapper,io.cucumber.testng.FeatureWrapper)[pri:0, instance:runner.TestngTestRunner@4982cc36]" started-at="2023-10-09T14:03:29 CDT" name="runScenario" description="Runs Cucumber Scenarios" data-provider="scenarios" finished-at="2023-10-09T14:03:35 CDT" duration-ms="6676" status="PASS">
          <params>
            <param index="0">
              <value>
                <![CDATA["Testing Introduction link in Linked List"]]>
              </value>
            </param>
            <param index="1">
              <value>
                <![CDATA["Verifying Linked List functionalities"]]>
              </value>
            </param>
          </params>
          <reporter-output>
          </reporter-output>
        </test-method> <!-- runScenario -->
        <test-method signature="runScenario(io.cucumber.testng.PickleWrapper,io.cucumber.testng.FeatureWrapper)[pri:0, instance:runner.TestngTestRunner@4982cc36]" started-at="2023-10-09T14:03:35 CDT" name="runScenario" description="Runs Cucumber Scenarios" data-provider="scenarios" finished-at="2023-10-09T14:03:42 CDT" duration-ms="6505" status="PASS">
          <params>
            <param index="0">
              <value>
                <![CDATA["Testing Creating Linked List link in Linked List"]]>
              </value>
            </param>
            <param index="1">
              <value>
                <![CDATA["Verifying Linked List functionalities"]]>
              </value>
            </param>
          </params>
          <reporter-output>
          </reporter-output>
        </test-method> <!-- runScenario -->
        <test-method signature="runScenario(io.cucumber.testng.PickleWrapper,io.cucumber.testng.FeatureWrapper)[pri:0, instance:runner.TestngTestRunner@4982cc36]" started-at="2023-10-09T14:03:42 CDT" name="runScenario" description="Runs Cucumber Scenarios" data-provider="scenarios" finished-at="2023-10-09T14:03:48 CDT" duration-ms="6568" status="PASS">
          <params>
            <param index="0">
              <value>
                <![CDATA["Testing Types Of LinkedList link in Linked List"]]>
              </value>
            </param>
            <param index="1">
              <value>
                <![CDATA["Verifying Linked List functionalities"]]>
              </value>
            </param>
          </params>
          <reporter-output>
          </reporter-output>
        </test-method> <!-- runScenario -->
        <test-method signature="runScenario(io.cucumber.testng.PickleWrapper,io.cucumber.testng.FeatureWrapper)[pri:0, instance:runner.TestngTestRunner@4982cc36]" started-at="2023-10-09T14:03:48 CDT" name="runScenario" description="Runs Cucumber Scenarios" data-provider="scenarios" finished-at="2023-10-09T14:03:55 CDT" duration-ms="6867" status="PASS">
          <params>
            <param index="0">
              <value>
                <![CDATA["Testing Implement LinkedList in Python link in Linked List"]]>
              </value>
            </param>
            <param index="1">
              <value>
                <![CDATA["Verifying Linked List functionalities"]]>
              </value>
            </param>
          </params>
          <reporter-output>
          </reporter-output>
        </test-method> <!-- runScenario -->
        <test-method signature="runScenario(io.cucumber.testng.PickleWrapper,io.cucumber.testng.FeatureWrapper)[pri:0, instance:runner.TestngTestRunner@4982cc36]" started-at="2023-10-09T14:03:55 CDT" name="runScenario" description="Runs Cucumber Scenarios" data-provider="scenarios" finished-at="2023-10-09T14:04:02 CDT" duration-ms="6479" status="PASS">
          <params>
            <param index="0">
              <value>
                <![CDATA["Testing Traversal link in Linked List"]]>
              </value>
            </param>
            <param index="1">
              <value>
                <![CDATA["Verifying Linked List functionalities"]]>
              </value>
            </param>
          </params>
          <reporter-output>
          </reporter-output>
        </test-method> <!-- runScenario -->
        <test-method signature="runScenario(io.cucumber.testng.PickleWrapper,io.cucumber.testng.FeatureWrapper)[pri:0, instance:runner.TestngTestRunner@4982cc36]" started-at="2023-10-09T14:04:02 CDT" name="runScenario" description="Runs Cucumber Scenarios" data-provider="scenarios" finished-at="2023-10-09T14:04:08 CDT" duration-ms="6389" status="PASS">
          <params>
            <param index="0">
              <value>
                <![CDATA["Testing Insertion link in Linked List"]]>
              </value>
            </param>
            <param index="1">
              <value>
                <![CDATA["Verifying Linked List functionalities"]]>
              </value>
            </param>
          </params>
          <reporter-output>
          </reporter-output>
        </test-method> <!-- runScenario -->
        <test-method signature="runScenario(io.cucumber.testng.PickleWrapper,io.cucumber.testng.FeatureWrapper)[pri:0, instance:runner.TestngTestRunner@4982cc36]" started-at="2023-10-09T14:04:08 CDT" name="runScenario" description="Runs Cucumber Scenarios" data-provider="scenarios" finished-at="2023-10-09T14:04:15 CDT" duration-ms="6424" status="PASS">
          <params>
            <param index="0">
              <value>
                <![CDATA["Testing Deletion link in Linked List"]]>
              </value>
            </param>
            <param index="1">
              <value>
                <![CDATA["Verifying Linked List functionalities"]]>
              </value>
            </param>
          </params>
          <reporter-output>
          </reporter-output>
        </test-method> <!-- runScenario -->
        <test-method signature="runScenario(io.cucumber.testng.PickleWrapper,io.cucumber.testng.FeatureWrapper)[pri:0, instance:runner.TestngTestRunner@4982cc36]" started-at="2023-10-09T14:04:15 CDT" name="runScenario" description="Runs Cucumber Scenarios" data-provider="scenarios" finished-at="2023-10-09T14:04:21 CDT" duration-ms="6139" status="PASS">
          <params>
            <param index="0">
              <value>
                <![CDATA["Testing Operations in Stack link of Stack"]]>
              </value>
            </param>
            <param index="1">
              <value>
                <![CDATA["Verifying Stack functionalities"]]>
              </value>
            </param>
          </params>
          <reporter-output>
          </reporter-output>
        </test-method> <!-- runScenario -->
        <test-method signature="runScenario(io.cucumber.testng.PickleWrapper,io.cucumber.testng.FeatureWrapper)[pri:0, instance:runner.TestngTestRunner@4982cc36]" started-at="2023-10-09T14:04:21 CDT" name="runScenario" description="Runs Cucumber Scenarios" data-provider="scenarios" finished-at="2023-10-09T14:04:27 CDT" duration-ms="6406" status="PASS">
          <params>
            <param index="0">
              <value>
                <![CDATA["Testing Creating Implementation link in Stack"]]>
              </value>
            </param>
            <param index="1">
              <value>
                <![CDATA["Verifying Stack functionalities"]]>
              </value>
            </param>
          </params>
          <reporter-output>
          </reporter-output>
        </test-method> <!-- runScenario -->
        <test-method signature="runScenario(io.cucumber.testng.PickleWrapper,io.cucumber.testng.FeatureWrapper)[pri:0, instance:runner.TestngTestRunner@4982cc36]" started-at="2023-10-09T14:04:27 CDT" name="runScenario" description="Runs Cucumber Scenarios" data-provider="scenarios" finished-at="2023-10-09T14:04:34 CDT" duration-ms="6403" status="PASS">
          <params>
            <param index="0">
              <value>
                <![CDATA["Testing Applications in Stack"]]>
              </value>
            </param>
            <param index="1">
              <value>
                <![CDATA["Verifying Stack functionalities"]]>
              </value>
            </param>
          </params>
          <reporter-output>
          </reporter-output>
        </test-method> <!-- runScenario -->
        <test-method signature="runScenario(io.cucumber.testng.PickleWrapper,io.cucumber.testng.FeatureWrapper)[pri:0, instance:runner.TestngTestRunner@4982cc36]" started-at="2023-10-09T14:04:34 CDT" name="runScenario" description="Runs Cucumber Scenarios" data-provider="scenarios" finished-at="2023-10-09T14:04:41 CDT" duration-ms="7317" status="PASS">
          <params>
            <param index="0">
              <value>
                <![CDATA["Testing Operations in Implementation of Queue in Python link of Queue"]]>
              </value>
            </param>
            <param index="1">
              <value>
                <![CDATA["Verifying Queue functionalities"]]>
              </value>
            </param>
          </params>
          <reporter-output>
          </reporter-output>
        </test-method> <!-- runScenario -->
        <test-method signature="runScenario(io.cucumber.testng.PickleWrapper,io.cucumber.testng.FeatureWrapper)[pri:0, instance:runner.TestngTestRunner@4982cc36]" started-at="2023-10-09T14:04:41 CDT" name="runScenario" description="Runs Cucumber Scenarios" data-provider="scenarios" finished-at="2023-10-09T14:04:48 CDT" duration-ms="6987" status="PASS">
          <params>
            <param index="0">
              <value>
                <![CDATA["Testing Creating Implementationusingcollectionsdeque in Queue"]]>
              </value>
            </param>
            <param index="1">
              <value>
                <![CDATA["Verifying Queue functionalities"]]>
              </value>
            </param>
          </params>
          <reporter-output>
          </reporter-output>
        </test-method> <!-- runScenario -->
        <test-method signature="runScenario(io.cucumber.testng.PickleWrapper,io.cucumber.testng.FeatureWrapper)[pri:0, instance:runner.TestngTestRunner@4982cc36]" started-at="2023-10-09T14:04:48 CDT" name="runScenario" description="Runs Cucumber Scenarios" data-provider="scenarios" finished-at="2023-10-09T14:04:55 CDT" duration-ms="6840" status="PASS">
          <params>
            <param index="0">
              <value>
                <![CDATA["Testing Implementationusingarray in Queue"]]>
              </value>
            </param>
            <param index="1">
              <value>
                <![CDATA["Verifying Queue functionalities"]]>
              </value>
            </param>
          </params>
          <reporter-output>
          </reporter-output>
        </test-method> <!-- runScenario -->
        <test-method signature="runScenario(io.cucumber.testng.PickleWrapper,io.cucumber.testng.FeatureWrapper)[pri:0, instance:runner.TestngTestRunner@4982cc36]" started-at="2023-10-09T14:04:55 CDT" name="runScenario" description="Runs Cucumber Scenarios" data-provider="scenarios" finished-at="2023-10-09T14:05:01 CDT" duration-ms="6119" status="PASS">
          <params>
            <param index="0">
              <value>
                <![CDATA["Testing QueueOperations in Queue"]]>
              </value>
            </param>
            <param index="1">
              <value>
                <![CDATA["Verifying Queue functionalities"]]>
              </value>
            </param>
          </params>
          <reporter-output>
          </reporter-output>
        </test-method> <!-- runScenario -->
        <test-method signature="runScenario(io.cucumber.testng.PickleWrapper,io.cucumber.testng.FeatureWrapper)[pri:0, instance:runner.TestngTestRunner@4982cc36]" started-at="2023-10-09T14:05:01 CDT" name="runScenario" description="Runs Cucumber Scenarios" data-provider="scenarios" finished-at="2023-10-09T14:05:07 CDT" duration-ms="6359" status="PASS">
          <params>
            <param index="0">
              <value>
                <![CDATA["Testing OverviewofTrees"]]>
              </value>
            </param>
            <param index="1">
              <value>
                <![CDATA["Verifying Tree functionalities"]]>
              </value>
            </param>
          </params>
          <reporter-output>
          </reporter-output>
        </test-method> <!-- runScenario -->
        <test-method signature="runScenario(io.cucumber.testng.PickleWrapper,io.cucumber.testng.FeatureWrapper)[pri:0, instance:runner.TestngTestRunner@4982cc36]" started-at="2023-10-09T14:05:07 CDT" name="runScenario" description="Runs Cucumber Scenarios" data-provider="scenarios" finished-at="2023-10-09T14:05:14 CDT" duration-ms="6454" status="PASS">
          <params>
            <param index="0">
              <value>
                <![CDATA["Testing Terminologies link in Tree"]]>
              </value>
            </param>
            <param index="1">
              <value>
                <![CDATA["Verifying Tree functionalities"]]>
              </value>
            </param>
          </params>
          <reporter-output>
          </reporter-output>
        </test-method> <!-- runScenario -->
        <test-method signature="runScenario(io.cucumber.testng.PickleWrapper,io.cucumber.testng.FeatureWrapper)[pri:0, instance:runner.TestngTestRunner@4982cc36]" started-at="2023-10-09T14:05:14 CDT" name="runScenario" description="Runs Cucumber Scenarios" data-provider="scenarios" finished-at="2023-10-09T14:05:20 CDT" duration-ms="6386" status="PASS">
          <params>
            <param index="0">
              <value>
                <![CDATA["Testing TypesofTrees in Tree"]]>
              </value>
            </param>
            <param index="1">
              <value>
                <![CDATA["Verifying Tree functionalities"]]>
              </value>
            </param>
          </params>
          <reporter-output>
          </reporter-output>
        </test-method> <!-- runScenario -->
        <test-method signature="runScenario(io.cucumber.testng.PickleWrapper,io.cucumber.testng.FeatureWrapper)[pri:0, instance:runner.TestngTestRunner@4982cc36]" started-at="2023-10-09T14:05:20 CDT" name="runScenario" description="Runs Cucumber Scenarios" data-provider="scenarios" finished-at="2023-10-09T14:05:26 CDT" duration-ms="6434" status="PASS">
          <params>
            <param index="0">
              <value>
                <![CDATA["Testing TreeTraversals in Tree"]]>
              </value>
            </param>
            <param index="1">
              <value>
                <![CDATA["Verifying Tree functionalities"]]>
              </value>
            </param>
          </params>
          <reporter-output>
          </reporter-output>
        </test-method> <!-- runScenario -->
        <test-method signature="runScenario(io.cucumber.testng.PickleWrapper,io.cucumber.testng.FeatureWrapper)[pri:0, instance:runner.TestngTestRunner@4982cc36]" started-at="2023-10-09T14:05:26 CDT" name="runScenario" description="Runs Cucumber Scenarios" data-provider="scenarios" finished-at="2023-10-09T14:05:33 CDT" duration-ms="6630" status="PASS">
          <params>
            <param index="0">
              <value>
                <![CDATA["Testing TraversalsIllustration in Tree"]]>
              </value>
            </param>
            <param index="1">
              <value>
                <![CDATA["Verifying Tree functionalities"]]>
              </value>
            </param>
          </params>
          <reporter-output>
          </reporter-output>
        </test-method> <!-- runScenario -->
        <test-method signature="runScenario(io.cucumber.testng.PickleWrapper,io.cucumber.testng.FeatureWrapper)[pri:0, instance:runner.TestngTestRunner@4982cc36]" started-at="2023-10-09T14:05:33 CDT" name="runScenario" description="Runs Cucumber Scenarios" data-provider="scenarios" finished-at="2023-10-09T14:05:40 CDT" duration-ms="6480" status="PASS">
          <params>
            <param index="0">
              <value>
                <![CDATA["Testing BinaryTrees in Tree"]]>
              </value>
            </param>
            <param index="1">
              <value>
                <![CDATA["Verifying Tree functionalities"]]>
              </value>
            </param>
          </params>
          <reporter-output>
          </reporter-output>
        </test-method> <!-- runScenario -->
        <test-method signature="runScenario(io.cucumber.testng.PickleWrapper,io.cucumber.testng.FeatureWrapper)[pri:0, instance:runner.TestngTestRunner@4982cc36]" started-at="2023-10-09T14:05:40 CDT" name="runScenario" description="Runs Cucumber Scenarios" data-provider="scenarios" finished-at="2023-10-09T14:05:46 CDT" duration-ms="6499" status="PASS">
          <params>
            <param index="0">
              <value>
                <![CDATA["Testing TypesofBinaryTrees in Tree"]]>
              </value>
            </param>
            <param index="1">
              <value>
                <![CDATA["Verifying Tree functionalities"]]>
              </value>
            </param>
          </params>
          <reporter-output>
          </reporter-output>
        </test-method> <!-- runScenario -->
        <test-method signature="runScenario(io.cucumber.testng.PickleWrapper,io.cucumber.testng.FeatureWrapper)[pri:0, instance:runner.TestngTestRunner@4982cc36]" started-at="2023-10-09T14:05:46 CDT" name="runScenario" description="Runs Cucumber Scenarios" data-provider="scenarios" finished-at="2023-10-09T14:05:53 CDT" duration-ms="6556" status="PASS">
          <params>
            <param index="0">
              <value>
                <![CDATA["Testing ImplementationinPython in Tree"]]>
              </value>
            </param>
            <param index="1">
              <value>
                <![CDATA["Verifying Tree functionalities"]]>
              </value>
            </param>
          </params>
          <reporter-output>
          </reporter-output>
        </test-method> <!-- runScenario -->
        <test-method signature="runScenario(io.cucumber.testng.PickleWrapper,io.cucumber.testng.FeatureWrapper)[pri:0, instance:runner.TestngTestRunner@4982cc36]" started-at="2023-10-09T14:05:53 CDT" name="runScenario" description="Runs Cucumber Scenarios" data-provider="scenarios" finished-at="2023-10-09T14:05:59 CDT" duration-ms="6693" status="PASS">
          <params>
            <param index="0">
              <value>
                <![CDATA["Testing BinaryTreeTraversals in Tree"]]>
              </value>
            </param>
            <param index="1">
              <value>
                <![CDATA["Verifying Tree functionalities"]]>
              </value>
            </param>
          </params>
          <reporter-output>
          </reporter-output>
        </test-method> <!-- runScenario -->
        <test-method signature="runScenario(io.cucumber.testng.PickleWrapper,io.cucumber.testng.FeatureWrapper)[pri:0, instance:runner.TestngTestRunner@4982cc36]" started-at="2023-10-09T14:05:59 CDT" name="runScenario" description="Runs Cucumber Scenarios" data-provider="scenarios" finished-at="2023-10-09T14:06:06 CDT" duration-ms="6547" status="PASS">
          <params>
            <param index="0">
              <value>
                <![CDATA["Testing ImplementationofBinaryTrees in Tree"]]>
              </value>
            </param>
            <param index="1">
              <value>
                <![CDATA["Verifying Tree functionalities"]]>
              </value>
            </param>
          </params>
          <reporter-output>
          </reporter-output>
        </test-method> <!-- runScenario -->
        <test-method signature="runScenario(io.cucumber.testng.PickleWrapper,io.cucumber.testng.FeatureWrapper)[pri:0, instance:runner.TestngTestRunner@4982cc36]" started-at="2023-10-09T14:06:06 CDT" name="runScenario" description="Runs Cucumber Scenarios" data-provider="scenarios" finished-at="2023-10-09T14:06:13 CDT" duration-ms="6943" status="PASS">
          <params>
            <param index="0">
              <value>
                <![CDATA["Testing ApplicationsofBinaryTrees in Tree"]]>
              </value>
            </param>
            <param index="1">
              <value>
                <![CDATA["Verifying Tree functionalities"]]>
              </value>
            </param>
          </params>
          <reporter-output>
          </reporter-output>
        </test-method> <!-- runScenario -->
        <test-method signature="runScenario(io.cucumber.testng.PickleWrapper,io.cucumber.testng.FeatureWrapper)[pri:0, instance:runner.TestngTestRunner@4982cc36]" started-at="2023-10-09T14:06:13 CDT" name="runScenario" description="Runs Cucumber Scenarios" data-provider="scenarios" finished-at="2023-10-09T14:06:20 CDT" duration-ms="7073" status="PASS">
          <params>
            <param index="0">
              <value>
                <![CDATA["Testing BinarySearchTrees in Tree"]]>
              </value>
            </param>
            <param index="1">
              <value>
                <![CDATA["Verifying Tree functionalities"]]>
              </value>
            </param>
          </params>
          <reporter-output>
          </reporter-output>
        </test-method> <!-- runScenario -->
        <test-method signature="runScenario(io.cucumber.testng.PickleWrapper,io.cucumber.testng.FeatureWrapper)[pri:0, instance:runner.TestngTestRunner@4982cc36]" started-at="2023-10-09T14:06:20 CDT" name="runScenario" description="Runs Cucumber Scenarios" data-provider="scenarios" finished-at="2023-10-09T14:06:26 CDT" duration-ms="5970" status="PASS">
          <params>
            <param index="0">
              <value>
                <![CDATA["Testing ImplementationofBST in Tree"]]>
              </value>
            </param>
            <param index="1">
              <value>
                <![CDATA["Verifying Tree functionalities"]]>
              </value>
            </param>
          </params>
          <reporter-output>
          </reporter-output>
        </test-method> <!-- runScenario -->
        <test-method signature="runScenario(io.cucumber.testng.PickleWrapper,io.cucumber.testng.FeatureWrapper)[pri:0, instance:runner.TestngTestRunner@4982cc36]" started-at="2023-10-09T14:06:26 CDT" name="runScenario" description="Runs Cucumber Scenarios" data-provider="scenarios" finished-at="2023-10-09T14:06:31 CDT" duration-ms="5548" status="PASS">
          <params>
            <param index="0">
              <value>
                <![CDATA["Testing Graph"]]>
              </value>
            </param>
            <param index="1">
              <value>
                <![CDATA["Verifying Graph functionalities"]]>
              </value>
            </param>
          </params>
          <reporter-output>
          </reporter-output>
        </test-method> <!-- runScenario -->
        <test-method signature="runScenario(io.cucumber.testng.PickleWrapper,io.cucumber.testng.FeatureWrapper)[pri:0, instance:runner.TestngTestRunner@4982cc36]" started-at="2023-10-09T14:06:31 CDT" name="runScenario" description="Runs Cucumber Scenarios" data-provider="scenarios" finished-at="2023-10-09T14:06:37 CDT" duration-ms="6049" status="PASS">
          <params>
            <param index="0">
              <value>
                <![CDATA["Testing GraphRepresentations"]]>
              </value>
            </param>
            <param index="1">
              <value>
                <![CDATA["Verifying Graph functionalities"]]>
              </value>
            </param>
          </params>
          <reporter-output>
          </reporter-output>
        </test-method> <!-- runScenario -->
        <test-method signature="runScenario(io.cucumber.testng.PickleWrapper,io.cucumber.testng.FeatureWrapper)[pri:0, instance:runner.TestngTestRunner@4982cc36]" started-at="2023-10-09T14:06:37 CDT" name="runScenario" description="Runs Cucumber Scenarios" data-provider="scenarios" finished-at="2023-10-09T14:06:42 CDT" duration-ms="4375" status="PASS">
          <params>
            <param index="0">
              <value>
                <![CDATA["Verifying Signout link"]]>
              </value>
            </param>
            <param index="1">
              <value>
                <![CDATA["Automating Signout functionalities"]]>
              </value>
            </param>
          </params>
          <reporter-output>
          </reporter-output>
        </test-method> <!-- runScenario -->
        <test-method is-config="true" signature="tearDownClass()[pri:0, instance:runner.TestngTestRunner@4982cc36]" started-at="2023-10-09T14:06:42 CDT" name="tearDownClass" finished-at="2023-10-09T14:06:42 CDT" duration-ms="182" status="PASS">
          <reporter-output>
          </reporter-output>
        </test-method> <!-- tearDownClass -->
      </class> <!-- runner.TestngTestRunner -->
    </test> <!-- Default test -->
  </suite> <!-- Default suite -->
</testng-results>
